{"/Users/bmaurino/www/clear_reserve/app.js": {"path":"/Users/bmaurino/www/clear_reserve/app.js","statementMap":{"0":{"start":{"line":1,"column":16},"end":{"line":1,"column":34}},"1":{"start":{"line":2,"column":15},"end":{"line":2,"column":32}},"2":{"start":{"line":3,"column":15},"end":{"line":3,"column":34}},"3":{"start":{"line":4,"column":34},"end":{"line":4,"column":76}},"4":{"start":{"line":5,"column":17},"end":{"line":5,"column":56}},"5":{"start":{"line":7,"column":12},"end":{"line":7,"column":21}},"6":{"start":{"line":8,"column":0},"end":{"line":8,"column":18}},"7":{"start":{"line":9,"column":0},"end":{"line":9,"column":24}},"8":{"start":{"line":10,"column":0},"end":{"line":10,"column":49}},"9":{"start":{"line":12,"column":0},"end":{"line":12,"column":27}},"10":{"start":{"line":13,"column":0},"end":{"line":13,"column":18}},"11":{"start":{"line":14,"column":0},"end":{"line":14,"column":21}},"12":{"start":{"line":16,"column":0},"end":{"line":16,"column":29}},"13":{"start":{"line":18,"column":0},"end":{"line":18,"column":21}}},"fnMap":{},"branchMap":{},"s":{"0":1,"1":1,"2":1,"3":1,"4":1,"5":1,"6":1,"7":1,"8":1,"9":1,"10":1,"11":1,"12":1,"13":1},"f":{},"b":{},"_coverageSchema":"1a1c01bbd47fc00a2c39e90264f33305004495a9","hash":"1e203ec5e8e5f0fc1d985c0498127aaa1729a375"}
,"/Users/bmaurino/www/clear_reserve/components/clients/ClientController.js": {"path":"/Users/bmaurino/www/clear_reserve/components/clients/ClientController.js","statementMap":{"0":{"start":{"line":1,"column":22},"end":{"line":1,"column":48}},"1":{"start":{"line":2,"column":12},"end":{"line":2,"column":26}},"2":{"start":{"line":3,"column":20},"end":{"line":3,"column":44}},"3":{"start":{"line":5,"column":19},"end":{"line":16,"column":1}},"4":{"start":{"line":6,"column":16},"end":{"line":6,"column":38}},"5":{"start":{"line":8,"column":2},"end":{"line":15,"column":7}},"6":{"start":{"line":10,"column":6},"end":{"line":10,"column":36}},"7":{"start":{"line":14,"column":6},"end":{"line":14,"column":40}},"8":{"start":{"line":18,"column":21},"end":{"line":26,"column":1}},"9":{"start":{"line":19,"column":2},"end":{"line":25,"column":3}},"10":{"start":{"line":20,"column":21},"end":{"line":20,"column":29}},"11":{"start":{"line":21,"column":20},"end":{"line":21,"column":52}},"12":{"start":{"line":22,"column":4},"end":{"line":22,"column":44}},"13":{"start":{"line":24,"column":4},"end":{"line":24,"column":35}},"14":{"start":{"line":28,"column":21},"end":{"line":37,"column":1}},"15":{"start":{"line":29,"column":17},"end":{"line":29,"column":30}},"16":{"start":{"line":30,"column":19},"end":{"line":30,"column":27}},"17":{"start":{"line":32,"column":15},"end":{"line":32,"column":57}},"18":{"start":{"line":34,"column":2},"end":{"line":36,"column":5}},"19":{"start":{"line":35,"column":4},"end":{"line":35,"column":43}},"20":{"start":{"line":39,"column":21},"end":{"line":47,"column":1}},"21":{"start":{"line":40,"column":17},"end":{"line":40,"column":30}},"22":{"start":{"line":42,"column":15},"end":{"line":42,"column":45}},"23":{"start":{"line":44,"column":2},"end":{"line":46,"column":5}},"24":{"start":{"line":45,"column":4},"end":{"line":45,"column":43}},"25":{"start":{"line":53,"column":22},"end":{"line":80,"column":1}},"26":{"start":{"line":54,"column":21},"end":{"line":54,"column":35}},"27":{"start":{"line":55,"column":22},"end":{"line":55,"column":37}},"28":{"start":{"line":57,"column":2},"end":{"line":60,"column":3}},"29":{"start":{"line":58,"column":16},"end":{"line":58,"column":53}},"30":{"start":{"line":59,"column":4},"end":{"line":59,"column":16}},"31":{"start":{"line":62,"column":14},"end":{"line":62,"column":16}},"32":{"start":{"line":64,"column":2},"end":{"line":66,"column":3}},"33":{"start":{"line":65,"column":4},"end":{"line":65,"column":63}},"34":{"start":{"line":68,"column":2},"end":{"line":70,"column":3}},"35":{"start":{"line":69,"column":4},"end":{"line":69,"column":57}},"36":{"start":{"line":72,"column":16},"end":{"line":72,"column":43}},"37":{"start":{"line":73,"column":2},"end":{"line":79,"column":7}},"38":{"start":{"line":75,"column":6},"end":{"line":75,"column":36}},"39":{"start":{"line":78,"column":6},"end":{"line":78,"column":16}},"40":{"start":{"line":82,"column":0},"end":{"line":88,"column":2}}},"fnMap":{"0":{"name":"(anonymous_0)","decl":{"start":{"line":5,"column":19},"end":{"line":5,"column":20}},"loc":{"start":{"line":5,"column":45},"end":{"line":16,"column":1}},"line":5},"1":{"name":"(anonymous_1)","decl":{"start":{"line":9,"column":10},"end":{"line":9,"column":11}},"loc":{"start":{"line":9,"column":23},"end":{"line":11,"column":5}},"line":9},"2":{"name":"(anonymous_2)","decl":{"start":{"line":12,"column":11},"end":{"line":12,"column":12}},"loc":{"start":{"line":12,"column":20},"end":{"line":15,"column":5}},"line":12},"3":{"name":"(anonymous_3)","decl":{"start":{"line":18,"column":21},"end":{"line":18,"column":22}},"loc":{"start":{"line":18,"column":35},"end":{"line":26,"column":1}},"line":18},"4":{"name":"(anonymous_4)","decl":{"start":{"line":28,"column":21},"end":{"line":28,"column":22}},"loc":{"start":{"line":28,"column":41},"end":{"line":37,"column":1}},"line":28},"5":{"name":"(anonymous_5)","decl":{"start":{"line":34,"column":61},"end":{"line":34,"column":62}},"loc":{"start":{"line":34,"column":70},"end":{"line":36,"column":3}},"line":34},"6":{"name":"(anonymous_6)","decl":{"start":{"line":39,"column":21},"end":{"line":39,"column":22}},"loc":{"start":{"line":39,"column":41},"end":{"line":47,"column":1}},"line":39},"7":{"name":"(anonymous_7)","decl":{"start":{"line":44,"column":61},"end":{"line":44,"column":62}},"loc":{"start":{"line":44,"column":70},"end":{"line":46,"column":3}},"line":44},"8":{"name":"(anonymous_8)","decl":{"start":{"line":53,"column":22},"end":{"line":53,"column":23}},"loc":{"start":{"line":53,"column":42},"end":{"line":80,"column":1}},"line":53},"9":{"name":"(anonymous_9)","decl":{"start":{"line":74,"column":10},"end":{"line":74,"column":11}},"loc":{"start":{"line":74,"column":23},"end":{"line":76,"column":5}},"line":74},"10":{"name":"(anonymous_10)","decl":{"start":{"line":77,"column":11},"end":{"line":77,"column":12}},"loc":{"start":{"line":77,"column":20},"end":{"line":79,"column":5}},"line":77}},"branchMap":{"0":{"loc":{"start":{"line":57,"column":2},"end":{"line":60,"column":3}},"type":"if","locations":[{"start":{"line":57,"column":2},"end":{"line":60,"column":3}},{"start":{},"end":{}}],"line":57},"1":{"loc":{"start":{"line":57,"column":6},"end":{"line":57,"column":33}},"type":"binary-expr","locations":[{"start":{"line":57,"column":6},"end":{"line":57,"column":17}},{"start":{"line":57,"column":21},"end":{"line":57,"column":33}}],"line":57},"2":{"loc":{"start":{"line":64,"column":2},"end":{"line":66,"column":3}},"type":"if","locations":[{"start":{"line":64,"column":2},"end":{"line":66,"column":3}},{"start":{},"end":{}}],"line":64},"3":{"loc":{"start":{"line":68,"column":2},"end":{"line":70,"column":3}},"type":"if","locations":[{"start":{"line":68,"column":2},"end":{"line":70,"column":3}},{"start":{},"end":{}}],"line":68}},"s":{"0":1,"1":1,"2":1,"3":1,"4":0,"5":0,"6":0,"7":0,"8":1,"9":0,"10":0,"11":0,"12":0,"13":0,"14":1,"15":0,"16":0,"17":0,"18":0,"19":0,"20":1,"21":0,"22":0,"23":0,"24":0,"25":1,"26":0,"27":0,"28":0,"29":0,"30":0,"31":0,"32":0,"33":0,"34":0,"35":0,"36":0,"37":0,"38":0,"39":0,"40":1},"f":{"0":0,"1":0,"2":0,"3":0,"4":0,"5":0,"6":0,"7":0,"8":0,"9":0,"10":0},"b":{"0":[0,0],"1":[0,0],"2":[0,0],"3":[0,0]},"_coverageSchema":"1a1c01bbd47fc00a2c39e90264f33305004495a9","hash":"797b5cda749f79979ca0b87c2b2f39ce46f954ce"}
,"/Users/bmaurino/www/clear_reserve/components/clients/ClientModel.js": {"path":"/Users/bmaurino/www/clear_reserve/components/clients/ClientModel.js","statementMap":{"0":{"start":{"line":1,"column":17},"end":{"line":1,"column":36}},"1":{"start":{"line":2,"column":19},"end":{"line":2,"column":27}},"2":{"start":{"line":4,"column":21},"end":{"line":44,"column":2}},"3":{"start":{"line":38,"column":19},"end":{"line":38,"column":29}},"4":{"start":{"line":42,"column":19},"end":{"line":42,"column":29}},"5":{"start":{"line":51,"column":0},"end":{"line":51,"column":56}}},"fnMap":{"0":{"name":"(anonymous_0)","decl":{"start":{"line":38,"column":13},"end":{"line":38,"column":14}},"loc":{"start":{"line":38,"column":19},"end":{"line":38,"column":29}},"line":38},"1":{"name":"(anonymous_1)","decl":{"start":{"line":42,"column":13},"end":{"line":42,"column":14}},"loc":{"start":{"line":42,"column":19},"end":{"line":42,"column":29}},"line":42}},"branchMap":{},"s":{"0":1,"1":1,"2":1,"3":0,"4":0,"5":1},"f":{"0":0,"1":0},"b":{},"_coverageSchema":"1a1c01bbd47fc00a2c39e90264f33305004495a9","hash":"6c2f80135b9fec869218238a6ed61202edeea56d"}
,"/Users/bmaurino/www/clear_reserve/components/clients/ClientRoutes.js": {"path":"/Users/bmaurino/www/clear_reserve/components/clients/ClientRoutes.js","statementMap":{"0":{"start":{"line":1,"column":16},"end":{"line":1,"column":34}},"1":{"start":{"line":2,"column":15},"end":{"line":2,"column":31}},"2":{"start":{"line":3,"column":25},"end":{"line":3,"column":54}},"3":{"start":{"line":5,"column":0},"end":{"line":5,"column":45}},"4":{"start":{"line":6,"column":0},"end":{"line":6,"column":54}},"5":{"start":{"line":7,"column":0},"end":{"line":7,"column":57}},"6":{"start":{"line":8,"column":0},"end":{"line":8,"column":53}},"7":{"start":{"line":9,"column":0},"end":{"line":9,"column":54}},"8":{"start":{"line":11,"column":0},"end":{"line":11,"column":24}}},"fnMap":{},"branchMap":{},"s":{"0":1,"1":1,"2":1,"3":1,"4":1,"5":1,"6":1,"7":1,"8":1},"f":{},"b":{},"_coverageSchema":"1a1c01bbd47fc00a2c39e90264f33305004495a9","hash":"8e67d502df0d41ab2a099608fb9bec59023c7435"}
,"/Users/bmaurino/www/clear_reserve/components/clients/ClientService.js": {"path":"/Users/bmaurino/www/clear_reserve/components/clients/ClientService.js","statementMap":{"0":{"start":{"line":1,"column":20},"end":{"line":1,"column":44}},"1":{"start":{"line":6,"column":15},"end":{"line":10,"column":1}},"2":{"start":{"line":7,"column":18},"end":{"line":7,"column":62}},"3":{"start":{"line":9,"column":2},"end":{"line":9,"column":17}},"4":{"start":{"line":16,"column":15},"end":{"line":22,"column":1}},"5":{"start":{"line":19,"column":20},"end":{"line":19,"column":50}},"6":{"start":{"line":21,"column":2},"end":{"line":21,"column":19}},"7":{"start":{"line":29,"column":15},"end":{"line":36,"column":1}},"8":{"start":{"line":32,"column":17},"end":{"line":32,"column":61}},"9":{"start":{"line":35,"column":2},"end":{"line":35,"column":16}},"10":{"start":{"line":42,"column":15},"end":{"line":47,"column":1}},"11":{"start":{"line":44,"column":17},"end":{"line":44,"column":55}},"12":{"start":{"line":46,"column":2},"end":{"line":46,"column":16}},"13":{"start":{"line":54,"column":15},"end":{"line":57,"column":1}},"14":{"start":{"line":55,"column":16},"end":{"line":55,"column":59}},"15":{"start":{"line":56,"column":2},"end":{"line":56,"column":24}},"16":{"start":{"line":59,"column":0},"end":{"line":65,"column":2}}},"fnMap":{"0":{"name":"(anonymous_0)","decl":{"start":{"line":6,"column":15},"end":{"line":6,"column":16}},"loc":{"start":{"line":6,"column":27},"end":{"line":10,"column":1}},"line":6},"1":{"name":"(anonymous_1)","decl":{"start":{"line":16,"column":15},"end":{"line":16,"column":16}},"loc":{"start":{"line":16,"column":31},"end":{"line":22,"column":1}},"line":16},"2":{"name":"(anonymous_2)","decl":{"start":{"line":29,"column":15},"end":{"line":29,"column":16}},"loc":{"start":{"line":29,"column":35},"end":{"line":36,"column":1}},"line":29},"3":{"name":"(anonymous_3)","decl":{"start":{"line":42,"column":15},"end":{"line":42,"column":16}},"loc":{"start":{"line":42,"column":29},"end":{"line":47,"column":1}},"line":42},"4":{"name":"(anonymous_4)","decl":{"start":{"line":54,"column":15},"end":{"line":54,"column":16}},"loc":{"start":{"line":54,"column":32},"end":{"line":57,"column":1}},"line":54}},"branchMap":{},"s":{"0":1,"1":1,"2":0,"3":0,"4":1,"5":0,"6":0,"7":1,"8":0,"9":0,"10":1,"11":0,"12":0,"13":1,"14":0,"15":0,"16":1},"f":{"0":0,"1":0,"2":0,"3":0,"4":0},"b":{},"_coverageSchema":"1a1c01bbd47fc00a2c39e90264f33305004495a9","hash":"77a86d03d7aaecf9a18223da1abd2af0471acde0"}
,"/Users/bmaurino/www/clear_reserve/components/members/MemberController.js": {"path":"/Users/bmaurino/www/clear_reserve/components/members/MemberController.js","statementMap":{"0":{"start":{"line":1,"column":22},"end":{"line":1,"column":48}},"1":{"start":{"line":2,"column":20},"end":{"line":2,"column":53}},"2":{"start":{"line":3,"column":20},"end":{"line":3,"column":44}},"3":{"start":{"line":5,"column":19},"end":{"line":18,"column":1}},"4":{"start":{"line":8,"column":16},"end":{"line":8,"column":38}},"5":{"start":{"line":10,"column":2},"end":{"line":17,"column":7}},"6":{"start":{"line":12,"column":6},"end":{"line":12,"column":36}},"7":{"start":{"line":16,"column":6},"end":{"line":16,"column":40}},"8":{"start":{"line":20,"column":21},"end":{"line":35,"column":1}},"9":{"start":{"line":21,"column":2},"end":{"line":34,"column":3}},"10":{"start":{"line":22,"column":21},"end":{"line":22,"column":29}},"11":{"start":{"line":23,"column":20},"end":{"line":23,"column":52}},"12":{"start":{"line":25,"column":4},"end":{"line":30,"column":5}},"13":{"start":{"line":26,"column":6},"end":{"line":29,"column":9}},"14":{"start":{"line":32,"column":4},"end":{"line":32,"column":23}},"15":{"start":{"line":33,"column":4},"end":{"line":33,"column":16}},"16":{"start":{"line":37,"column":27},"end":{"line":59,"column":1}},"17":{"start":{"line":38,"column":17},"end":{"line":38,"column":34}},"18":{"start":{"line":39,"column":18},"end":{"line":39,"column":36}},"19":{"start":{"line":41,"column":2},"end":{"line":43,"column":3}},"20":{"start":{"line":42,"column":4},"end":{"line":42,"column":67}},"21":{"start":{"line":45,"column":2},"end":{"line":58,"column":3}},"22":{"start":{"line":46,"column":4},"end":{"line":49,"column":6}},"23":{"start":{"line":50,"column":4},"end":{"line":55,"column":7}},"24":{"start":{"line":54,"column":6},"end":{"line":54,"column":55}},"25":{"start":{"line":57,"column":4},"end":{"line":57,"column":40}},"26":{"start":{"line":61,"column":0},"end":{"line":65,"column":2}}},"fnMap":{"0":{"name":"(anonymous_0)","decl":{"start":{"line":5,"column":19},"end":{"line":5,"column":20}},"loc":{"start":{"line":5,"column":39},"end":{"line":18,"column":1}},"line":5},"1":{"name":"(anonymous_1)","decl":{"start":{"line":11,"column":10},"end":{"line":11,"column":11}},"loc":{"start":{"line":11,"column":23},"end":{"line":13,"column":5}},"line":11},"2":{"name":"(anonymous_2)","decl":{"start":{"line":14,"column":11},"end":{"line":14,"column":12}},"loc":{"start":{"line":14,"column":20},"end":{"line":17,"column":5}},"line":14},"3":{"name":"(anonymous_3)","decl":{"start":{"line":20,"column":21},"end":{"line":20,"column":22}},"loc":{"start":{"line":20,"column":41},"end":{"line":35,"column":1}},"line":20},"4":{"name":"(anonymous_4)","decl":{"start":{"line":37,"column":27},"end":{"line":37,"column":28}},"loc":{"start":{"line":37,"column":53},"end":{"line":59,"column":1}},"line":37},"5":{"name":"(anonymous_5)","decl":{"start":{"line":53,"column":11},"end":{"line":53,"column":12}},"loc":{"start":{"line":53,"column":23},"end":{"line":55,"column":5}},"line":53}},"branchMap":{"0":{"loc":{"start":{"line":25,"column":4},"end":{"line":30,"column":5}},"type":"if","locations":[{"start":{"line":25,"column":4},"end":{"line":30,"column":5}},{"start":{},"end":{}}],"line":25},"1":{"loc":{"start":{"line":41,"column":2},"end":{"line":43,"column":3}},"type":"if","locations":[{"start":{"line":41,"column":2},"end":{"line":43,"column":3}},{"start":{},"end":{}}],"line":41},"2":{"loc":{"start":{"line":41,"column":6},"end":{"line":41,"column":29}},"type":"binary-expr","locations":[{"start":{"line":41,"column":6},"end":{"line":41,"column":15}},{"start":{"line":41,"column":19},"end":{"line":41,"column":29}}],"line":41}},"s":{"0":1,"1":1,"2":1,"3":1,"4":0,"5":0,"6":0,"7":0,"8":1,"9":0,"10":0,"11":0,"12":0,"13":0,"14":0,"15":0,"16":1,"17":0,"18":0,"19":0,"20":0,"21":0,"22":0,"23":0,"24":0,"25":0,"26":1},"f":{"0":0,"1":0,"2":0,"3":0,"4":0,"5":0},"b":{"0":[0,0],"1":[0,0],"2":[0,0]},"_coverageSchema":"1a1c01bbd47fc00a2c39e90264f33305004495a9","hash":"2cdf35bf428ef16a1317adfdbdd3e4d6940bf894"}
,"/Users/bmaurino/www/clear_reserve/components/members/MemberModel.js": {"path":"/Users/bmaurino/www/clear_reserve/components/members/MemberModel.js","statementMap":{"0":{"start":{"line":1,"column":17},"end":{"line":1,"column":36}},"1":{"start":{"line":2,"column":19},"end":{"line":2,"column":27}},"2":{"start":{"line":3,"column":24},"end":{"line":3,"column":67}},"3":{"start":{"line":5,"column":21},"end":{"line":34,"column":2}},"4":{"start":{"line":28,"column":19},"end":{"line":28,"column":29}},"5":{"start":{"line":32,"column":19},"end":{"line":32,"column":29}},"6":{"start":{"line":36,"column":0},"end":{"line":43,"column":3}},"7":{"start":{"line":37,"column":2},"end":{"line":42,"column":3}},"8":{"start":{"line":38,"column":16},"end":{"line":38,"column":46}},"9":{"start":{"line":39,"column":4},"end":{"line":39,"column":16}},"10":{"start":{"line":41,"column":4},"end":{"line":41,"column":14}},"11":{"start":{"line":50,"column":0},"end":{"line":50,"column":56}}},"fnMap":{"0":{"name":"(anonymous_0)","decl":{"start":{"line":28,"column":13},"end":{"line":28,"column":14}},"loc":{"start":{"line":28,"column":19},"end":{"line":28,"column":29}},"line":28},"1":{"name":"(anonymous_1)","decl":{"start":{"line":32,"column":13},"end":{"line":32,"column":14}},"loc":{"start":{"line":32,"column":19},"end":{"line":32,"column":29}},"line":32},"2":{"name":"(anonymous_2)","decl":{"start":{"line":36,"column":25},"end":{"line":36,"column":26}},"loc":{"start":{"line":36,"column":45},"end":{"line":43,"column":1}},"line":36}},"branchMap":{"0":{"loc":{"start":{"line":37,"column":2},"end":{"line":42,"column":3}},"type":"if","locations":[{"start":{"line":37,"column":2},"end":{"line":42,"column":3}},{"start":{"line":40,"column":9},"end":{"line":42,"column":3}}],"line":37},"1":{"loc":{"start":{"line":37,"column":6},"end":{"line":37,"column":59}},"type":"binary-expr","locations":[{"start":{"line":37,"column":6},"end":{"line":37,"column":37}},{"start":{"line":37,"column":41},"end":{"line":37,"column":59}}],"line":37}},"s":{"0":1,"1":1,"2":1,"3":1,"4":0,"5":0,"6":1,"7":0,"8":0,"9":0,"10":0,"11":1},"f":{"0":0,"1":0,"2":0},"b":{"0":[0,0],"1":[0,0]},"_coverageSchema":"1a1c01bbd47fc00a2c39e90264f33305004495a9","hash":"b3b7152b3af0c0dd600bc23a22968fd4c5d3b479"}
,"/Users/bmaurino/www/clear_reserve/components/members/MemberRoutes.js": {"path":"/Users/bmaurino/www/clear_reserve/components/members/MemberRoutes.js","statementMap":{"0":{"start":{"line":1,"column":16},"end":{"line":1,"column":34}},"1":{"start":{"line":2,"column":15},"end":{"line":2,"column":31}},"2":{"start":{"line":3,"column":25},"end":{"line":3,"column":54}},"3":{"start":{"line":5,"column":0},"end":{"line":5,"column":45}},"4":{"start":{"line":6,"column":0},"end":{"line":6,"column":54}},"5":{"start":{"line":7,"column":0},"end":{"line":7,"column":74}},"6":{"start":{"line":10,"column":0},"end":{"line":10,"column":24}}},"fnMap":{},"branchMap":{},"s":{"0":1,"1":1,"2":1,"3":1,"4":1,"5":1,"6":1},"f":{},"b":{},"_coverageSchema":"1a1c01bbd47fc00a2c39e90264f33305004495a9","hash":"4bbcd8f09c1b3dcce5c0d57b5900f73c61775125"}
,"/Users/bmaurino/www/clear_reserve/components/members/MemberService.js": {"path":"/Users/bmaurino/www/clear_reserve/components/members/MemberService.js","statementMap":{"0":{"start":{"line":1,"column":20},"end":{"line":1,"column":44}},"1":{"start":{"line":2,"column":24},"end":{"line":2,"column":67}},"2":{"start":{"line":7,"column":15},"end":{"line":11,"column":1}},"3":{"start":{"line":8,"column":18},"end":{"line":8,"column":61}},"4":{"start":{"line":10,"column":2},"end":{"line":10,"column":17}},"5":{"start":{"line":17,"column":15},"end":{"line":20,"column":1}},"6":{"start":{"line":18,"column":20},"end":{"line":18,"column":50}},"7":{"start":{"line":19,"column":2},"end":{"line":19,"column":19}},"8":{"start":{"line":27,"column":15},"end":{"line":31,"column":1}},"9":{"start":{"line":28,"column":17},"end":{"line":28,"column":61}},"10":{"start":{"line":30,"column":2},"end":{"line":30,"column":16}},"11":{"start":{"line":37,"column":15},"end":{"line":41,"column":1}},"12":{"start":{"line":38,"column":17},"end":{"line":38,"column":55}},"13":{"start":{"line":40,"column":2},"end":{"line":40,"column":16}},"14":{"start":{"line":43,"column":0},"end":{"line":48,"column":2}}},"fnMap":{"0":{"name":"(anonymous_0)","decl":{"start":{"line":7,"column":15},"end":{"line":7,"column":16}},"loc":{"start":{"line":7,"column":27},"end":{"line":11,"column":1}},"line":7},"1":{"name":"(anonymous_1)","decl":{"start":{"line":17,"column":15},"end":{"line":17,"column":16}},"loc":{"start":{"line":17,"column":31},"end":{"line":20,"column":1}},"line":17},"2":{"name":"(anonymous_2)","decl":{"start":{"line":27,"column":15},"end":{"line":27,"column":16}},"loc":{"start":{"line":27,"column":35},"end":{"line":31,"column":1}},"line":27},"3":{"name":"(anonymous_3)","decl":{"start":{"line":37,"column":15},"end":{"line":37,"column":16}},"loc":{"start":{"line":37,"column":29},"end":{"line":41,"column":1}},"line":37}},"branchMap":{},"s":{"0":1,"1":1,"2":1,"3":0,"4":0,"5":1,"6":0,"7":0,"8":1,"9":0,"10":0,"11":1,"12":0,"13":0,"14":1},"f":{"0":0,"1":0,"2":0,"3":0},"b":{},"_coverageSchema":"1a1c01bbd47fc00a2c39e90264f33305004495a9","hash":"de4098f5690460323b3f825c9f2459fd48ae2fea"}
,"/Users/bmaurino/www/clear_reserve/config/database.js": {"path":"/Users/bmaurino/www/clear_reserve/config/database.js","statementMap":{"0":{"start":{"line":1,"column":17},"end":{"line":1,"column":36}},"1":{"start":{"line":3,"column":11},"end":{"line":10,"column":1}},"2":{"start":{"line":12,"column":14},"end":{"line":12,"column":60}},"3":{"start":{"line":14,"column":24},"end":{"line":17,"column":1}},"4":{"start":{"line":19,"column":27},"end":{"line":42,"column":1}},"5":{"start":{"line":20,"column":2},"end":{"line":20,"column":43}},"6":{"start":{"line":22,"column":2},"end":{"line":24,"column":5}},"7":{"start":{"line":23,"column":4},"end":{"line":23,"column":66}},"8":{"start":{"line":26,"column":2},"end":{"line":28,"column":5}},"9":{"start":{"line":27,"column":4},"end":{"line":27,"column":79}},"10":{"start":{"line":30,"column":2},"end":{"line":32,"column":5}},"11":{"start":{"line":31,"column":4},"end":{"line":31,"column":63}},"12":{"start":{"line":34,"column":2},"end":{"line":41,"column":5}},"13":{"start":{"line":35,"column":4},"end":{"line":40,"column":7}},"14":{"start":{"line":36,"column":6},"end":{"line":38,"column":8}},"15":{"start":{"line":39,"column":6},"end":{"line":39,"column":22}},"16":{"start":{"line":44,"column":0},"end":{"line":44,"column":38}}},"fnMap":{"0":{"name":"(anonymous_0)","decl":{"start":{"line":19,"column":27},"end":{"line":19,"column":28}},"loc":{"start":{"line":19,"column":33},"end":{"line":42,"column":1}},"line":19},"1":{"name":"(anonymous_1)","decl":{"start":{"line":22,"column":38},"end":{"line":22,"column":39}},"loc":{"start":{"line":22,"column":50},"end":{"line":24,"column":3}},"line":22},"2":{"name":"(anonymous_2)","decl":{"start":{"line":26,"column":34},"end":{"line":26,"column":35}},"loc":{"start":{"line":26,"column":49},"end":{"line":28,"column":3}},"line":26},"3":{"name":"(anonymous_3)","decl":{"start":{"line":30,"column":41},"end":{"line":30,"column":42}},"loc":{"start":{"line":30,"column":53},"end":{"line":32,"column":3}},"line":30},"4":{"name":"(anonymous_4)","decl":{"start":{"line":34,"column":23},"end":{"line":34,"column":24}},"loc":{"start":{"line":34,"column":35},"end":{"line":41,"column":3}},"line":34},"5":{"name":"(anonymous_5)","decl":{"start":{"line":35,"column":30},"end":{"line":35,"column":31}},"loc":{"start":{"line":35,"column":42},"end":{"line":40,"column":5}},"line":35}},"branchMap":{"0":{"loc":{"start":{"line":6,"column":10},"end":{"line":6,"column":47}},"type":"binary-expr","locations":[{"start":{"line":6,"column":10},"end":{"line":6,"column":29}},{"start":{"line":6,"column":33},"end":{"line":6,"column":47}}],"line":6},"1":{"loc":{"start":{"line":8,"column":8},"end":{"line":8,"column":42}},"type":"binary-expr","locations":[{"start":{"line":8,"column":8},"end":{"line":8,"column":27}},{"start":{"line":8,"column":31},"end":{"line":8,"column":42}}],"line":8},"2":{"loc":{"start":{"line":9,"column":8},"end":{"line":9,"column":36}},"type":"binary-expr","locations":[{"start":{"line":9,"column":8},"end":{"line":9,"column":27}},{"start":{"line":9,"column":31},"end":{"line":9,"column":36}}],"line":9}},"s":{"0":1,"1":1,"2":1,"3":1,"4":1,"5":1,"6":1,"7":0,"8":1,"9":0,"10":1,"11":0,"12":1,"13":0,"14":0,"15":0,"16":1},"f":{"0":1,"1":0,"2":0,"3":0,"4":0,"5":0},"b":{"0":[1,1],"1":[1,1],"2":[1,1]},"_coverageSchema":"1a1c01bbd47fc00a2c39e90264f33305004495a9","hash":"37aa23b0759d6829ef2f0770f3e07c06a21d9e67"}
,"/Users/bmaurino/www/clear_reserve/middleware/error/ApiErrors.js": {"path":"/Users/bmaurino/www/clear_reserve/middleware/error/ApiErrors.js","statementMap":{"0":{"start":{"line":1,"column":18},"end":{"line":1,"column":40}},"1":{"start":{"line":2,"column":20},"end":{"line":2,"column":48}},"2":{"start":{"line":11,"column":4},"end":{"line":11,"column":56}},"3":{"start":{"line":22,"column":4},"end":{"line":22,"column":56}},"4":{"start":{"line":26,"column":0},"end":{"line":26,"column":45}}},"fnMap":{"0":{"name":"(anonymous_0)","decl":{"start":{"line":5,"column":2},"end":{"line":5,"column":3}},"loc":{"start":{"line":10,"column":4},"end":{"line":12,"column":3}},"line":10},"1":{"name":"(anonymous_1)","decl":{"start":{"line":16,"column":2},"end":{"line":16,"column":3}},"loc":{"start":{"line":21,"column":4},"end":{"line":23,"column":3}},"line":21}},"branchMap":{"0":{"loc":{"start":{"line":7,"column":4},"end":{"line":7,"column":44}},"type":"default-arg","locations":[{"start":{"line":7,"column":17},"end":{"line":7,"column":44}}],"line":7},"1":{"loc":{"start":{"line":8,"column":4},"end":{"line":8,"column":41}},"type":"default-arg","locations":[{"start":{"line":8,"column":18},"end":{"line":8,"column":41}}],"line":8},"2":{"loc":{"start":{"line":9,"column":4},"end":{"line":9,"column":24}},"type":"default-arg","locations":[{"start":{"line":9,"column":20},"end":{"line":9,"column":24}}],"line":9},"3":{"loc":{"start":{"line":18,"column":4},"end":{"line":18,"column":40}},"type":"default-arg","locations":[{"start":{"line":18,"column":17},"end":{"line":18,"column":40}}],"line":18},"4":{"loc":{"start":{"line":19,"column":4},"end":{"line":19,"column":31}},"type":"default-arg","locations":[{"start":{"line":19,"column":18},"end":{"line":19,"column":31}}],"line":19},"5":{"loc":{"start":{"line":20,"column":4},"end":{"line":20,"column":24}},"type":"default-arg","locations":[{"start":{"line":20,"column":20},"end":{"line":20,"column":24}}],"line":20}},"s":{"0":1,"1":1,"2":0,"3":0,"4":1},"f":{"0":0,"1":0},"b":{"0":[0],"1":[0],"2":[0],"3":[0],"4":[0],"5":[0]},"_coverageSchema":"1a1c01bbd47fc00a2c39e90264f33305004495a9","hash":"4f37b7100328b42ad2f588b3d2249cbe2ee38c29"}
,"/Users/bmaurino/www/clear_reserve/middleware/error/BaseError.js": {"path":"/Users/bmaurino/www/clear_reserve/middleware/error/BaseError.js","statementMap":{"0":{"start":{"line":3,"column":4},"end":{"line":3,"column":23}},"1":{"start":{"line":5,"column":4},"end":{"line":5,"column":54}},"2":{"start":{"line":7,"column":4},"end":{"line":7,"column":21}},"3":{"start":{"line":8,"column":4},"end":{"line":8,"column":33}},"4":{"start":{"line":9,"column":4},"end":{"line":9,"column":39}},"5":{"start":{"line":10,"column":4},"end":{"line":10,"column":34}},"6":{"start":{"line":14,"column":0},"end":{"line":14,"column":27}}},"fnMap":{"0":{"name":"(anonymous_0)","decl":{"start":{"line":2,"column":2},"end":{"line":2,"column":3}},"loc":{"start":{"line":2,"column":60},"end":{"line":11,"column":3}},"line":2}},"branchMap":{},"s":{"0":0,"1":0,"2":0,"3":0,"4":0,"5":0,"6":1},"f":{"0":0},"b":{},"_coverageSchema":"1a1c01bbd47fc00a2c39e90264f33305004495a9","hash":"9a46811d7de3889ba879c3c45c5e2fc445f557ae"}
,"/Users/bmaurino/www/clear_reserve/middleware/error/errorHandler.js": {"path":"/Users/bmaurino/www/clear_reserve/middleware/error/errorHandler.js","statementMap":{"0":{"start":{"line":1,"column":17},"end":{"line":3,"column":1}},"1":{"start":{"line":2,"column":2},"end":{"line":2,"column":21}},"2":{"start":{"line":5,"column":27},"end":{"line":8,"column":1}},"3":{"start":{"line":6,"column":2},"end":{"line":6,"column":16}},"4":{"start":{"line":7,"column":2},"end":{"line":7,"column":12}},"5":{"start":{"line":10,"column":20},"end":{"line":12,"column":1}},"6":{"start":{"line":11,"column":2},"end":{"line":11,"column":54}},"7":{"start":{"line":14,"column":27},"end":{"line":19,"column":1}},"8":{"start":{"line":15,"column":2},"end":{"line":17,"column":3}},"9":{"start":{"line":16,"column":4},"end":{"line":16,"column":31}},"10":{"start":{"line":18,"column":2},"end":{"line":18,"column":15}},"11":{"start":{"line":21,"column":0},"end":{"line":26,"column":2}}},"fnMap":{"0":{"name":"(anonymous_0)","decl":{"start":{"line":1,"column":17},"end":{"line":1,"column":18}},"loc":{"start":{"line":1,"column":26},"end":{"line":3,"column":1}},"line":1},"1":{"name":"(anonymous_1)","decl":{"start":{"line":5,"column":27},"end":{"line":5,"column":28}},"loc":{"start":{"line":5,"column":52},"end":{"line":8,"column":1}},"line":5},"2":{"name":"(anonymous_2)","decl":{"start":{"line":10,"column":20},"end":{"line":10,"column":21}},"loc":{"start":{"line":10,"column":45},"end":{"line":12,"column":1}},"line":10},"3":{"name":"(anonymous_3)","decl":{"start":{"line":14,"column":27},"end":{"line":14,"column":28}},"loc":{"start":{"line":14,"column":38},"end":{"line":19,"column":1}},"line":14}},"branchMap":{"0":{"loc":{"start":{"line":11,"column":13},"end":{"line":11,"column":34}},"type":"binary-expr","locations":[{"start":{"line":11,"column":13},"end":{"line":11,"column":27}},{"start":{"line":11,"column":31},"end":{"line":11,"column":34}}],"line":11},"1":{"loc":{"start":{"line":15,"column":2},"end":{"line":17,"column":3}},"type":"if","locations":[{"start":{"line":15,"column":2},"end":{"line":17,"column":3}},{"start":{},"end":{}}],"line":15}},"s":{"0":1,"1":0,"2":1,"3":0,"4":0,"5":1,"6":0,"7":1,"8":0,"9":0,"10":0,"11":1},"f":{"0":0,"1":0,"2":0,"3":0},"b":{"0":[0,0],"1":[0,0]},"_coverageSchema":"1a1c01bbd47fc00a2c39e90264f33305004495a9","hash":"51f421bac48ad801361d2ccc48b0bc9101998714"}
,"/Users/bmaurino/www/clear_reserve/middleware/error/httpStatusCodes.js": {"path":"/Users/bmaurino/www/clear_reserve/middleware/error/httpStatusCodes.js","statementMap":{"0":{"start":{"line":1,"column":24},"end":{"line":6,"column":1}},"1":{"start":{"line":8,"column":0},"end":{"line":8,"column":33}}},"fnMap":{},"branchMap":{},"s":{"0":1,"1":1},"f":{},"b":{},"_coverageSchema":"1a1c01bbd47fc00a2c39e90264f33305004495a9","hash":"34dc2e311ce6e01b377d87bad267d8750e56b046"}
,"/Users/bmaurino/www/clear_reserve/routes/index.js": {"path":"/Users/bmaurino/www/clear_reserve/routes/index.js","statementMap":{"0":{"start":{"line":1,"column":16},"end":{"line":1,"column":34}},"1":{"start":{"line":2,"column":16},"end":{"line":2,"column":61}},"2":{"start":{"line":3,"column":16},"end":{"line":3,"column":61}},"3":{"start":{"line":5,"column":15},"end":{"line":5,"column":31}},"4":{"start":{"line":7,"column":0},"end":{"line":7,"column":32}},"5":{"start":{"line":8,"column":0},"end":{"line":8,"column":32}},"6":{"start":{"line":10,"column":0},"end":{"line":10,"column":24}}},"fnMap":{},"branchMap":{},"s":{"0":1,"1":1,"2":1,"3":1,"4":1,"5":1,"6":1},"f":{},"b":{},"_coverageSchema":"1a1c01bbd47fc00a2c39e90264f33305004495a9","hash":"e8cb9e7b483f4a5931948c57c6fe090c5453eec6"}
,"/Users/bmaurino/www/clear_reserve/tests/utils/interceptor.js": {"path":"/Users/bmaurino/www/clear_reserve/tests/utils/interceptor.js","statementMap":{"0":{"start":{"line":1,"column":0},"end":{"line":20,"column":2}},"1":{"start":{"line":3,"column":16},"end":{"line":3,"column":18}},"2":{"start":{"line":4,"column":4},"end":{"line":4,"column":46}},"3":{"start":{"line":5,"column":4},"end":{"line":5,"column":48}},"4":{"start":{"line":6,"column":4},"end":{"line":6,"column":15}},"5":{"start":{"line":10,"column":16},"end":{"line":10,"column":18}},"6":{"start":{"line":11,"column":4},"end":{"line":11,"column":46}},"7":{"start":{"line":12,"column":4},"end":{"line":12,"column":48}},"8":{"start":{"line":13,"column":4},"end":{"line":13,"column":46}},"9":{"start":{"line":14,"column":4},"end":{"line":14,"column":15}},"10":{"start":{"line":18,"column":4},"end":{"line":18,"column":21}}},"fnMap":{"0":{"name":"(anonymous_0)","decl":{"start":{"line":2,"column":15},"end":{"line":2,"column":16}},"loc":{"start":{"line":2,"column":21},"end":{"line":7,"column":3}},"line":2},"1":{"name":"(anonymous_1)","decl":{"start":{"line":9,"column":16},"end":{"line":9,"column":17}},"loc":{"start":{"line":9,"column":22},"end":{"line":15,"column":3}},"line":9},"2":{"name":"(anonymous_2)","decl":{"start":{"line":17,"column":12},"end":{"line":17,"column":13}},"loc":{"start":{"line":17,"column":18},"end":{"line":19,"column":3}},"line":17}},"branchMap":{},"s":{"0":1,"1":0,"2":0,"3":0,"4":0,"5":0,"6":0,"7":0,"8":0,"9":0,"10":0},"f":{"0":0,"1":0,"2":0},"b":{},"_coverageSchema":"1a1c01bbd47fc00a2c39e90264f33305004495a9","hash":"2bc61b60733cbfbb6b0b899dbdd0621b6a0f9f11"}
}
